
bin/BareMetal.elf:     file format elf32-littlearm

Sections:
Idx Name          Size      VMA       LMA       File off  Algn
  0 .text         000001cc  00000000  00000000  00010000  2**2
                  CONTENTS, ALLOC, LOAD, READONLY, CODE
  1 .data         00000000  20000000  20000000  000101cc  2**0
                  CONTENTS, ALLOC, LOAD, DATA
  2 .bss          00000000  20000000  20000000  00000000  2**0
                  ALLOC
  3 .heap         00000000  20002df0  20002df0  000101cc  2**0
                  CONTENTS
  4 .stack        00003000  20000000  20000000  00020000  2**0
                  ALLOC
  5 .debug_info   00000244  00000000  00000000  000101cc  2**0
                  CONTENTS, READONLY, DEBUGGING, OCTETS
  6 .debug_abbrev 00000142  00000000  00000000  00010410  2**0
                  CONTENTS, READONLY, DEBUGGING, OCTETS
  7 .debug_aranges 00000040  00000000  00000000  00010552  2**0
                  CONTENTS, READONLY, DEBUGGING, OCTETS
  8 .debug_line   000002d3  00000000  00000000  00010592  2**0
                  CONTENTS, READONLY, DEBUGGING, OCTETS
  9 .debug_str    000001c0  00000000  00000000  00010865  2**0
                  CONTENTS, READONLY, DEBUGGING, OCTETS
 10 .comment      00000049  00000000  00000000  00010a25  2**0
                  CONTENTS, READONLY
 11 .ARM.attributes 0000002c  00000000  00000000  00010a6e  2**0
                  CONTENTS, READONLY
 12 .debug_frame  000000dc  00000000  00000000  00010a9c  2**2
                  CONTENTS, READONLY, DEBUGGING, OCTETS

Disassembly of section .text:

00000000 <vector_table>:
   0:	00 30 00 20 e3 00 00 00 79 01 00 00 7f 01 00 00     .0. ....y.......
	...
  2c:	79 01 00 00 00 00 00 00 00 00 00 00 79 01 00 00     y...........y...
  3c:	79 01 00 00 79 01 00 00 79 01 00 00 79 01 00 00     y...y...y...y...
  4c:	79 01 00 00 79 01 00 00 79 01 00 00 79 01 00 00     y...y...y...y...
  5c:	79 01 00 00 79 01 00 00 79 01 00 00 79 01 00 00     y...y...y...y...
  6c:	79 01 00 00 79 01 00 00 79 01 00 00 79 01 00 00     y...y...y...y...
  7c:	79 01 00 00 79 01 00 00 79 01 00 00 79 01 00 00     y...y...y...y...
  8c:	79 01 00 00 79 01 00 00 79 01 00 00 79 01 00 00     y...y...y...y...
  9c:	79 01 00 00 79 01 00 00 79 01 00 00 79 01 00 00     y...y...y...y...
  ac:	79 01 00 00 00 00 00 00 00 00 00 00 00 00 00 00     y...............
  bc:	00 00 00 00                                         ....

000000c0 <main>:
#define GPIO_PRT1_DR (*(volatile uint32_t *)0x40040100)
#define GPIO_PRT1_PS (*(volatile uint32_t *)0x40040104)
#define GPIO_PRT1_PC (*(volatile uint32_t *)0x40040108)

int main(void)
{
  c0:	b580      	push	{r7, lr}
  c2:	af00      	add	r7, sp, #0
    //GPIO_PRT1_PC |= (0xFF );
    GPIO_PRT1_DR |= (0xFF );
  c4:	4b03      	ldr	r3, [pc, #12]	; (d4 <main+0x14>)
  c6:	681a      	ldr	r2, [r3, #0]
  c8:	4b02      	ldr	r3, [pc, #8]	; (d4 <main+0x14>)
  ca:	21ff      	movs	r1, #255	; 0xff
  cc:	430a      	orrs	r2, r1
  ce:	601a      	str	r2, [r3, #0]
    while(1);
  d0:	e7fe      	b.n	d0 <main+0x10>
  d2:	46c0      	nop			; (mov r8, r8)
  d4:	40040100 	.word	0x40040100

000000d8 <_init>:

extern uint32_t __stack_Start__;
extern uint32_t __STACK_START;
extern uint32_t __STACK_END;

extern void _init(void) {;}
  d8:	b580      	push	{r7, lr}
  da:	af00      	add	r7, sp, #0
  dc:	46c0      	nop			; (mov r8, r8)
  de:	46bd      	mov	sp, r7
  e0:	bd80      	pop	{r7, pc}

000000e2 <Reset_handler>:
    (uint32_t)can_interrupt_can_IRQHandler,             /*  26 CAN Interrupt */
    (uint32_t)crypto_interrupt_IRQHandler               /*  27 Crypto Interrupt */
};

void Reset_handler(void)
{
  e2:	b580      	push	{r7, lr}
  e4:	b086      	sub	sp, #24
  e6:	af00      	add	r7, sp, #0
    //disable watchdog
    (*(uint32_t *) CYREG_WDT_DISABLE_KEY) = CY_SYS_WDT_KEY;
  e8:	4b1c      	ldr	r3, [pc, #112]	; (15c <Reset_handler+0x7a>)
  ea:	4a1d      	ldr	r2, [pc, #116]	; (160 <Reset_handler+0x7e>)
  ec:	601a      	str	r2, [r3, #0]

    //copy .data section to SRAM
    uint32_t size = &__data_end - &__data_start;
  ee:	4a1d      	ldr	r2, [pc, #116]	; (164 <Reset_handler+0x82>)
  f0:	4b1d      	ldr	r3, [pc, #116]	; (168 <Reset_handler+0x86>)
  f2:	1ad3      	subs	r3, r2, r3
  f4:	109b      	asrs	r3, r3, #2
  f6:	607b      	str	r3, [r7, #4]
    uint32_t *pDst = (uint32_t*)&__data_start;
  f8:	4b1b      	ldr	r3, [pc, #108]	; (168 <Reset_handler+0x86>)
  fa:	617b      	str	r3, [r7, #20]
    uint32_t *pSrc = (uint32_t*)&_la_data;
  fc:	4b1b      	ldr	r3, [pc, #108]	; (16c <Reset_handler+0x8a>)
  fe:	613b      	str	r3, [r7, #16]

    for(uint32_t i = 0; i< size; i++)
 100:	2300      	movs	r3, #0
 102:	60fb      	str	r3, [r7, #12]
 104:	e00a      	b.n	11c <Reset_handler+0x3a>
    {
        *pDst++ = *pSrc++;
 106:	693a      	ldr	r2, [r7, #16]
 108:	1d13      	adds	r3, r2, #4
 10a:	613b      	str	r3, [r7, #16]
 10c:	697b      	ldr	r3, [r7, #20]
 10e:	1d19      	adds	r1, r3, #4
 110:	6179      	str	r1, [r7, #20]
 112:	6812      	ldr	r2, [r2, #0]
 114:	601a      	str	r2, [r3, #0]
    for(uint32_t i = 0; i< size; i++)
 116:	68fb      	ldr	r3, [r7, #12]
 118:	3301      	adds	r3, #1
 11a:	60fb      	str	r3, [r7, #12]
 11c:	68fa      	ldr	r2, [r7, #12]
 11e:	687b      	ldr	r3, [r7, #4]
 120:	429a      	cmp	r2, r3
 122:	d3f0      	bcc.n	106 <Reset_handler+0x24>
    }
    //int the .bss section to zero in SRAM
    size = &__bss_end__ - &__bss_start__;
 124:	4a12      	ldr	r2, [pc, #72]	; (170 <Reset_handler+0x8e>)
 126:	4b13      	ldr	r3, [pc, #76]	; (174 <Reset_handler+0x92>)
 128:	1ad3      	subs	r3, r2, r3
 12a:	109b      	asrs	r3, r3, #2
 12c:	607b      	str	r3, [r7, #4]
    pDst = (uint32_t*)&__bss_start__;
 12e:	4b11      	ldr	r3, [pc, #68]	; (174 <Reset_handler+0x92>)
 130:	617b      	str	r3, [r7, #20]

    for(uint32_t i = 0; i< size; i++)
 132:	2300      	movs	r3, #0
 134:	60bb      	str	r3, [r7, #8]
 136:	e007      	b.n	148 <Reset_handler+0x66>
    {
        *pDst++ = 0;
 138:	697b      	ldr	r3, [r7, #20]
 13a:	1d1a      	adds	r2, r3, #4
 13c:	617a      	str	r2, [r7, #20]
 13e:	2200      	movs	r2, #0
 140:	601a      	str	r2, [r3, #0]
    for(uint32_t i = 0; i< size; i++)
 142:	68bb      	ldr	r3, [r7, #8]
 144:	3301      	adds	r3, #1
 146:	60bb      	str	r3, [r7, #8]
 148:	68ba      	ldr	r2, [r7, #8]
 14a:	687b      	ldr	r3, [r7, #4]
 14c:	429a      	cmp	r2, r3
 14e:	d3f3      	bcc.n	138 <Reset_handler+0x56>
    }

    // Init C std libs
    __libc_init_array();
 150:	f000 f818 	bl	184 <__libc_init_array>

    //call main()
    main();
 154:	f7ff ffb4 	bl	c0 <main>

    while (1)
 158:	e7fe      	b.n	158 <Reset_handler+0x76>
 15a:	46c0      	nop			; (mov r8, r8)
 15c:	40030038 	.word	0x40030038
 160:	aced8865 	.word	0xaced8865
 164:	20000000 	.word	0x20000000
 168:	20000000 	.word	0x20000000
 16c:	000001cc 	.word	0x000001cc
 170:	20000000 	.word	0x20000000
 174:	20000000 	.word	0x20000000

00000178 <Default_Handler>:

/*----------------------------------------------------------------------------
  Default Handler for Exceptions / Interrupts
 *----------------------------------------------------------------------------*/
void Default_Handler(void)
{
 178:	b580      	push	{r7, lr}
 17a:	af00      	add	r7, sp, #0
    while(1);
 17c:	e7fe      	b.n	17c <Default_Handler+0x4>

0000017e <HRDFLT_Handler>:

/*----------------------------------------------------------------------------
  Default Handler for Hard Fault
 *----------------------------------------------------------------------------*/
void HRDFLT_Handler(void)
{
 17e:	b580      	push	{r7, lr}
 180:	af00      	add	r7, sp, #0
    while (1)
 182:	e7fe      	b.n	182 <HRDFLT_Handler+0x4>

00000184 <__libc_init_array>:
 184:	b570      	push	{r4, r5, r6, lr}
 186:	2600      	movs	r6, #0
 188:	4d0c      	ldr	r5, [pc, #48]	; (1bc <__libc_init_array+0x38>)
 18a:	4c0d      	ldr	r4, [pc, #52]	; (1c0 <__libc_init_array+0x3c>)
 18c:	1b64      	subs	r4, r4, r5
 18e:	10a4      	asrs	r4, r4, #2
 190:	42a6      	cmp	r6, r4
 192:	d109      	bne.n	1a8 <__libc_init_array+0x24>
 194:	2600      	movs	r6, #0
 196:	f7ff ff9f 	bl	d8 <_init>
 19a:	4d0a      	ldr	r5, [pc, #40]	; (1c4 <__libc_init_array+0x40>)
 19c:	4c0a      	ldr	r4, [pc, #40]	; (1c8 <__libc_init_array+0x44>)
 19e:	1b64      	subs	r4, r4, r5
 1a0:	10a4      	asrs	r4, r4, #2
 1a2:	42a6      	cmp	r6, r4
 1a4:	d105      	bne.n	1b2 <__libc_init_array+0x2e>
 1a6:	bd70      	pop	{r4, r5, r6, pc}
 1a8:	00b3      	lsls	r3, r6, #2
 1aa:	58eb      	ldr	r3, [r5, r3]
 1ac:	4798      	blx	r3
 1ae:	3601      	adds	r6, #1
 1b0:	e7ee      	b.n	190 <__libc_init_array+0xc>
 1b2:	00b3      	lsls	r3, r6, #2
 1b4:	58eb      	ldr	r3, [r5, r3]
 1b6:	4798      	blx	r3
 1b8:	3601      	adds	r6, #1
 1ba:	e7f2      	b.n	1a2 <__libc_init_array+0x1e>
	...
